<?xml version="1.0" encoding="UTF-8"?>
<!-- Generated by org.testng.reporters.JUnitReportReporter -->
<testsuite hostname="LAPTOP-KFLVM02G" failures="0" tests="2" name="TestNG.AddTest" time="0.017" errors="0" timestamp="2023-03-30T19:51:30 IST" skipped="0">
  <testcase classname="TestNG.AddTest" name="CaseAddition2" time="0.005"/>
  <system-out/>
  <testcase classname="TestNG.AddTest" name="CaseAddition1" time="0.012"/>
  <system-out/>
</testsuite> <!-- TestNG.AddTest -->
