<?xml version="1.0" encoding="UTF-8"?>
<!-- Generated by org.testng.reporters.JUnitReportReporter -->
<testsuite hostname="LAPTOP-KFLVM02G" failures="0" tests="2" name="Junit5.AddTest" time="0.011" errors="0" timestamp="2023-03-30T19:50:17 IST" skipped="0">
  <testcase classname="Junit5.AddTest" name="CaseAddition2" time="0.004"/>
  <system-out/>
  <testcase classname="Junit5.AddTest" name="CaseAddition1" time="0.007"/>
  <system-out/>
</testsuite> <!-- Junit5.AddTest -->
